<?xml version="1.0" encoding="UTF-8"?>
<!-- Generated by org.testng.reporters.JUnitReportReporter -->
<testsuite hostname="LAPTOP-ARDN3VR5" failures="0" tests="3" name="com.leafBot.testcases.TC001_LoginLogOut" time="49.003" errors="0" timestamp="03 Jul 2021 13:39:18 GMT" skipped="0">
  <testcase classname="com.leafBot.testcases.TC001_LoginLogOut" name="createLeaf" time="17.093"/>
  <testcase classname="com.leafBot.testcases.TC001_LoginLogOut" name="createLeaf" time="17.951"/>
  <testcase classname="com.leafBot.testcases.TC001_LoginLogOut" name="createLeaf" time="13.959"/>
</testsuite> <!-- com.leafBot.testcases.TC001_LoginLogOut -->
