<?xml version="1.0" encoding="UTF-8"?>
<!-- Generated by org.testng.reporters.JUnitReportReporter -->
<testsuite hostname="LAPTOP-ARDN3VR5" failures="0" tests="2" name="com.leafBot.testcases.TC003_CreateLead" time="78.987" errors="0" timestamp="03 Jul 2021 14:40:22 GMT" skipped="0">
  <testcase classname="com.leafBot.testcases.TC003_CreateLead" name="createLead" time="36.573"/>
  <testcase classname="com.leafBot.testcases.TC003_CreateLead" name="createLead" time="42.414"/>
</testsuite> <!-- com.leafBot.testcases.TC003_CreateLead -->
